[test-hosting-8f9bf.web.app/index.html]
[backblue.gif]
[fade.gif]
[index.html]
[kit.fontawesome.com/35c398e458.js]
[test-hosting-8f9bf.web.app/base.css]
[test-hosting-8f9bf.web.app/index.css]
[code.jquery.com/jquery-3.4.1.min.js]
[cdn.jsdelivr.net/npm/slick-carousel@1.8.1/slick/slick.css]
[test-hosting-8f9bf.web.app/checkout.html]
[i.imgur.com/96OnkX7.png]
[test-hosting-8f9bf.web.app/assets/avatar.jpg]
[i.imgur.com/KtGxwnN.png]
[i.imgur.com/sfjg9R8.png]
[i.imgur.com/p0wdadG.png]
[i.imgur.com/OKAY6Fl.png]
[test-hosting-8f9bf.web.app/base.js]
[test-hosting-8f9bf.web.app/index-2.html]
[test-hosting-8f9bf.web.app/index.js]
[test-hosting-8f9bf.web.app/index.html]
[test-hosting-8f9bf.web.app/base.css]
[test-hosting-8f9bf.web.app/index.css]
[cdn.jsdelivr.net/npm/slick-carousel@1.8.1/slick/slick.css]
[cdn.jsdelivr.net/npm/slick-carousel@1.8.1/slick/slick.min.js]
[test-hosting-8f9bf.web.app/checkout.css]
[test-hosting-8f9bf.web.app/checkout.html]
[test-hosting-8f9bf.web.app/checkout.js]
[test-hosting-8f9bf.web.app/index-2.html]
[test-hosting-8f9bf.web.app/checkout.css]
